app/build/outputs/logs/manifest-merger-debug-report.txt
-- Merging decision tree log ---
manifest
ADDED from src\main\AndroidManifest.xml:1:1-227:12
	xmlns:android
		ADDED from src\main\AndroidManifest.xml:1:11-69
	package
		ADDED from src\main\AndroidManifest.xml:2:5-34
		INJECTED from src\main\AndroidManifest.xml
		INJECTED from src\main\AndroidManifest.xml
	android:versionName
		ADDED from src\main\AndroidManifest.xml:4:5-30
		INJECTED from src\main\AndroidManifest.xml
		INJECTED from src\main\AndroidManifest.xml
	android:versionCode
		ADDED from src\main\AndroidManifest.xml:3:5-28
		INJECTED from src\main\AndroidManifest.xml
		INJECTED from src\main\AndroidManifest.xml
uses-sdk
ADDED from src\main\AndroidManifest.xml:6:5-8:41
	android:targetSdkVersion
		ADDED from src\main\AndroidManifest.xml:8:9-38
		INJECTED from src\main\AndroidManifest.xml
		INJECTED from src\main\AndroidManifest.xml
	android:minSdkVersion
		ADDED from src\main\AndroidManifest.xml:7:9-35
		INJECTED from src\main\AndroidManifest.xml
		INJECTED from src\main\AndroidManifest.xml
uses-permission#android.permission.INTERNET
ADDED from src\main\AndroidManifest.xml:10:5-67
	android:name
		ADDED from src\main\AndroidManifest.xml:10:22-64
uses-permission#android.permission.ACCESS_WIFI_STATE
ADDED from src\main\AndroidManifest.xml:11:5-76
	android:name
		ADDED from src\main\AndroidManifest.xml:11:22-73
uses-permission#android.permission.ACCESS_NETWORK_STATE
ADDED from src\main\AndroidManifest.xml:12:5-79
	android:name
		ADDED from src\main\AndroidManifest.xml:12:22-76
uses-permission#android.permission.WRITE_EXTERNAL_STORAGE
ADDED from src\main\AndroidManifest.xml:13:5-81
	android:name
		ADDED from src\main\AndroidManifest.xml:13:22-78
uses-permission#android.permission.GET_TASKS
ADDED from src\main\AndroidManifest.xml:14:5-68
	android:name
		ADDED from src\main\AndroidManifest.xml:14:22-65
uses-permission#android.permission.MOUNT_UNMOUNT_FILESYSTEMS
ADDED from src\main\AndroidManifest.xml:15:5-84
	android:name
		ADDED from src\main\AndroidManifest.xml:15:22-81
uses-permission#android.permission.CHANGE_WIFI_STATE
ADDED from src\main\AndroidManifest.xml:16:3-74
	android:name
		ADDED from src\main\AndroidManifest.xml:16:20-71
uses-permission#android.permission.CALL_PHONE
ADDED from src\main\AndroidManifest.xml:17:5-69
	android:name
		ADDED from src\main\AndroidManifest.xml:17:22-66
uses-permission#android.permission.MANAGE_ACCOUNTS
ADDED from src\main\AndroidManifest.xml:18:4-72
	android:name
		ADDED from src\main\AndroidManifest.xml:18:21-70
uses-permission#android.permission.GET_ACCOUNTS
ADDED from src\main\AndroidManifest.xml:19:1-66
	android:name
		ADDED from src\main\AndroidManifest.xml:19:18-64
uses-permission#android.permission.WRITE_SETTINGS
ADDED from src\main\AndroidManifest.xml:20:5-73
	android:name
		ADDED from src\main\AndroidManifest.xml:20:22-70
uses-permission#android.permission.READ_PHONE_STATE
ADDED from src\main\AndroidManifest.xml:21:5-75
	android:name
		ADDED from src\main\AndroidManifest.xml:21:22-72
uses-permission#android.permission.ACCESS_FINE_LOCATION
ADDED from src\main\AndroidManifest.xml:22:5-79
	android:name
		ADDED from src\main\AndroidManifest.xml:22:22-76
uses-permission#android.permission.RECORD_AUDIO
ADDED from src\main\AndroidManifest.xml:23:5-70
	android:name
		ADDED from src\main\AndroidManifest.xml:23:22-68
uses-permission#android.permission.CAMERA
ADDED from src\main\AndroidManifest.xml:25:2-62
	android:name
		ADDED from src\main\AndroidManifest.xml:25:19-59
uses-permission#android.permission.READ_LOGS
ADDED from src\main\AndroidManifest.xml:27:5-68
	android:name
		ADDED from src\main\AndroidManifest.xml:27:22-65
application
ADDED from src\main\AndroidManifest.xml:28:5-224:19
	android:label
		ADDED from src\main\AndroidManifest.xml:31:9-41
	android:icon
		ADDED from src\main\AndroidManifest.xml:30:9-45
	android:theme
		ADDED from src\main\AndroidManifest.xml:32:9-40
	android:name
		ADDED from src\main\AndroidManifest.xml:29:9-52
activity#com.example.homenet.MainActivity
ADDED from src\main\AndroidManifest.xml:33:9-43:20
	android:screenOrientation
		ADDED from src\main\AndroidManifest.xml:36:13-49
	android:label
		ADDED from src\main\AndroidManifest.xml:35:13-45
	android:theme
		ADDED from src\main\AndroidManifest.xml:37:13-71
	android:name
		ADDED from src\main\AndroidManifest.xml:34:13-41
intent-filter#android.intent.action.MAIN+android.intent.category.LAUNCHER
ADDED from src\main\AndroidManifest.xml:38:13-42:29
action#android.intent.action.MAIN
ADDED from src\main\AndroidManifest.xml:39:17-69
	android:name
		ADDED from src\main\AndroidManifest.xml:39:25-66
category#android.intent.category.LAUNCHER
ADDED from src\main\AndroidManifest.xml:41:17-77
	android:name
		ADDED from src\main\AndroidManifest.xml:41:27-74
activity#com.chart.control.TopicNews
ADDED from src\main\AndroidManifest.xml:44:9-47:20
	android:screenOrientation
		ADDED from src\main\AndroidManifest.xml:45:13-49
	android:name
		ADDED from src\main\AndroidManifest.xml:46:13-55
activity#com.album.util.AlbumActivity
ADDED from src\main\AndroidManifest.xml:48:9-51:20
	android:label
		ADDED from src\main\AndroidManifest.xml:50:13-32
	android:name
		ADDED from src\main\AndroidManifest.xml:49:13-56
activity#com.example.homenet.SalesActivity
ADDED from src\main\AndroidManifest.xml:53:9-56:20
	android:label
		ADDED from src\main\AndroidManifest.xml:55:13-32
	android:name
		ADDED from src\main\AndroidManifest.xml:54:13-61
activity#com.photoselector.ui.PhotoSelectorActivity
ADDED from src\main\AndroidManifest.xml:59:9-62:20
	android:label
		ADDED from src\main\AndroidManifest.xml:61:13-33
	android:name
		ADDED from src\main\AndroidManifest.xml:60:13-70
activity#com.photoselector.ui.PhotoPreviewActivity
ADDED from src\main\AndroidManifest.xml:63:9-66:20
	android:label
		ADDED from src\main\AndroidManifest.xml:65:13-33
	android:name
		ADDED from src\main\AndroidManifest.xml:64:13-69
activity#com.example.homenet.WorkActivity
ADDED from src\main\AndroidManifest.xml:67:9-70:20
	android:screenOrientation
		ADDED from src\main\AndroidManifest.xml:69:13-49
	android:name
		ADDED from src\main\AndroidManifest.xml:68:13-40
activity#com.example.homenet.NewHouseActivity
ADDED from src\main\AndroidManifest.xml:71:9-75:20
	android:screenOrientation
		ADDED from src\main\AndroidManifest.xml:73:13-49
	android:theme
		ADDED from src\main\AndroidManifest.xml:74:13-59
	android:name
		ADDED from src\main\AndroidManifest.xml:72:13-45
activity#com.example.homenet.QuestionActivity
ADDED from src\main\AndroidManifest.xml:76:9-79:20
	android:screenOrientation
		ADDED from src\main\AndroidManifest.xml:78:13-49
	android:name
		ADDED from src\main\AndroidManifest.xml:77:13-45
activity#com.example.homenet.FirstActivity
ADDED from src\main\AndroidManifest.xml:80:9-83:20
	android:screenOrientation
		ADDED from src\main\AndroidManifest.xml:82:13-49
	android:name
		ADDED from src\main\AndroidManifest.xml:81:13-42
activity#com.example.homenet.SearchActivity
ADDED from src\main\AndroidManifest.xml:84:9-87:20
	android:screenOrientation
		ADDED from src\main\AndroidManifest.xml:86:13-49
	android:name
		ADDED from src\main\AndroidManifest.xml:85:13-42
activity#com.example.homenet.WorkZoneActivity
ADDED from src\main\AndroidManifest.xml:88:9-91:20
	android:screenOrientation
		ADDED from src\main\AndroidManifest.xml:90:13-49
	android:name
		ADDED from src\main\AndroidManifest.xml:89:13-44
activity#com.example.homenet.MoreActivity
ADDED from src\main\AndroidManifest.xml:92:9-95:20
	android:screenOrientation
		ADDED from src\main\AndroidManifest.xml:94:13-49
	android:name
		ADDED from src\main\AndroidManifest.xml:93:13-40
activity#com.example.homenet.RecordActivity
ADDED from src\main\AndroidManifest.xml:96:10-99:20
	android:screenOrientation
		ADDED from src\main\AndroidManifest.xml:98:13-49
	android:name
		ADDED from src\main\AndroidManifest.xml:97:13-42
activity#com.homenet.news.NewsList
ADDED from src\main\AndroidManifest.xml:100:9-103:20
	android:label
		ADDED from src\main\AndroidManifest.xml:102:13-61
	android:name
		ADDED from src\main\AndroidManifest.xml:101:13-53
activity#com.homenet.news.NewsDetail
ADDED from src\main\AndroidManifest.xml:104:9-107:20
	android:label
		ADDED from src\main\AndroidManifest.xml:106:13-63
	android:name
		ADDED from src\main\AndroidManifest.xml:105:13-55
activity#com.homenet.oldhouse.OldHouseList
ADDED from src\main\AndroidManifest.xml:108:9-111:20
	android:label
		ADDED from src\main\AndroidManifest.xml:110:13-66
	android:name
		ADDED from src\main\AndroidManifest.xml:109:13-61
activity#com.homenet.oldhouse.OldHouseDetail
ADDED from src\main\AndroidManifest.xml:112:9-115:20
	android:label
		ADDED from src\main\AndroidManifest.xml:114:13-68
	android:name
		ADDED from src\main\AndroidManifest.xml:113:13-63
activity#com.example.homenet.MainPage
ADDED from src\main\AndroidManifest.xml:116:9-120:20
	android:screenOrientation
		ADDED from src\main\AndroidManifest.xml:119:13-49
	android:label
		ADDED from src\main\AndroidManifest.xml:118:13-61
	android:name
		ADDED from src\main\AndroidManifest.xml:117:13-37
activity#com.example.homenet.HosDetail
ADDED from src\main\AndroidManifest.xml:121:9-125:20
	android:screenOrientation
		ADDED from src\main\AndroidManifest.xml:124:13-49
	android:label
		ADDED from src\main\AndroidManifest.xml:123:13-62
	android:name
		ADDED from src\main\AndroidManifest.xml:122:13-38
activity#com.example.homenet.WriteDailyInfo
ADDED from src\main\AndroidManifest.xml:126:9-130:20
	android:screenOrientation
		ADDED from src\main\AndroidManifest.xml:129:13-49
	android:label
		ADDED from src\main\AndroidManifest.xml:128:13-68
	android:name
		ADDED from src\main\AndroidManifest.xml:127:13-43
activity#com.example.homenet.InfoDisplay
ADDED from src\main\AndroidManifest.xml:131:9-135:20
	android:screenOrientation
		ADDED from src\main\AndroidManifest.xml:134:13-49
	android:label
		ADDED from src\main\AndroidManifest.xml:133:13-64
	android:name
		ADDED from src\main\AndroidManifest.xml:132:13-40
activity#com.calendar.control.CalendarActivity
ADDED from src\main\AndroidManifest.xml:136:9-141:20
	android:screenOrientation
		ADDED from src\main\AndroidManifest.xml:139:13-49
	android:label
		ADDED from src\main\AndroidManifest.xml:138:13-64
	android:theme
		ADDED from src\main\AndroidManifest.xml:140:13-59
	android:name
		ADDED from src\main\AndroidManifest.xml:137:13-65
activity#org.achartengine.chartdemo.demo.chart.XYChartBuilder
ADDED from src\main\AndroidManifest.xml:142:9-145:62
	android:screenOrientation
		ADDED from src\main\AndroidManifest.xml:144:13-49
	android:theme
		ADDED from src\main\AndroidManifest.xml:145:13-59
	android:name
		ADDED from src\main\AndroidManifest.xml:143:13-80
activity#org.achartengine.chartdemo.demo.chart.PieChartBuilder
ADDED from src\main\AndroidManifest.xml:146:9-149:62
	android:screenOrientation
		ADDED from src\main\AndroidManifest.xml:148:13-49
	android:theme
		ADDED from src\main\AndroidManifest.xml:149:13-59
	android:name
		ADDED from src\main\AndroidManifest.xml:147:13-81
activity#org.achartengine.GraphicalActivity
ADDED from src\main\AndroidManifest.xml:150:9-153:62
	android:screenOrientation
		ADDED from src\main\AndroidManifest.xml:152:13-49
	android:theme
		ADDED from src\main\AndroidManifest.xml:153:13-59
	android:name
		ADDED from src\main\AndroidManifest.xml:151:13-62
activity#com.example.homenet.Activities
ADDED from src\main\AndroidManifest.xml:154:9-159:20
	android:screenOrientation
		ADDED from src\main\AndroidManifest.xml:157:13-49
	android:label
		ADDED from src\main\AndroidManifest.xml:156:13-62
	android:theme
		ADDED from src\main\AndroidManifest.xml:158:13-59
	android:name
		ADDED from src\main\AndroidManifest.xml:155:13-39
activity#com.example.homenet.LoginActivity
ADDED from src\main\AndroidManifest.xml:160:9-164:20
	android:screenOrientation
		ADDED from src\main\AndroidManifest.xml:163:13-49
	android:label
		ADDED from src\main\AndroidManifest.xml:162:13-57
	android:name
		ADDED from src\main\AndroidManifest.xml:161:13-42
activity#com.example.homenet.RegisterActivity
ADDED from src\main\AndroidManifest.xml:165:9-169:20
	android:screenOrientation
		ADDED from src\main\AndroidManifest.xml:168:13-49
	android:label
		ADDED from src\main\AndroidManifest.xml:167:13-60
	android:name
		ADDED from src\main\AndroidManifest.xml:166:13-45
activity#com.hosinfo.dataquery.WeekRepActivity
ADDED from src\main\AndroidManifest.xml:170:9-174:20
	android:screenOrientation
		ADDED from src\main\AndroidManifest.xml:173:13-50
	android:label
		ADDED from src\main\AndroidManifest.xml:172:13-60
	android:name
		ADDED from src\main\AndroidManifest.xml:171:13-65
activity#com.hosinfo.dataquery.MonthRepActivity
ADDED from src\main\AndroidManifest.xml:175:9-179:20
	android:screenOrientation
		ADDED from src\main\AndroidManifest.xml:178:13-50
	android:label
		ADDED from src\main\AndroidManifest.xml:177:13-61
	android:name
		ADDED from src\main\AndroidManifest.xml:176:13-66
activity#com.example.homenet.SaleDetailActivity
ADDED from src\main\AndroidManifest.xml:180:9-184:20
	android:screenOrientation
		ADDED from src\main\AndroidManifest.xml:183:13-49
	android:label
		ADDED from src\main\AndroidManifest.xml:182:13-63
	android:name
		ADDED from src\main\AndroidManifest.xml:181:13-47
activity#com.example.homenet.ExamDetailActivity
ADDED from src\main\AndroidManifest.xml:185:9-189:20
	android:screenOrientation
		ADDED from src\main\AndroidManifest.xml:188:13-49
	android:label
		ADDED from src\main\AndroidManifest.xml:187:13-63
	android:name
		ADDED from src\main\AndroidManifest.xml:186:13-47
activity#com.example.homenet.FigureDetail
ADDED from src\main\AndroidManifest.xml:190:9-194:20
	android:screenOrientation
		ADDED from src\main\AndroidManifest.xml:193:13-50
	android:label
		ADDED from src\main\AndroidManifest.xml:192:13-65
	android:name
		ADDED from src\main\AndroidManifest.xml:191:13-41
activity#com.example.homenet.ShareActivity
ADDED from src\main\AndroidManifest.xml:196:9-200:20
	android:label
		ADDED from src\main\AndroidManifest.xml:198:13-57
	android:name
		ADDED from src\main\AndroidManifest.xml:197:13-42
activity#cn.sharesdk.framework.ShareSDKUIShell
ADDED from src\main\AndroidManifest.xml:202:9-207:61
	android:windowSoftInputMode
		ADDED from src\main\AndroidManifest.xml:207:4-58
	android:screenOrientation
		ADDED from src\main\AndroidManifest.xml:206:4-40
	android:configChanges
		ADDED from src\main\AndroidManifest.xml:205:4-65
	android:theme
		ADDED from src\main\AndroidManifest.xml:204:4-63
	android:name
		ADDED from src\main\AndroidManifest.xml:203:4-56
activity#com.share.wxapi.WXEntryActivity
ADDED from src\main\AndroidManifest.xml:208:9-213:43
	android:screenOrientation
		ADDED from src\main\AndroidManifest.xml:213:4-40
	android:configChanges
		ADDED from src\main\AndroidManifest.xml:211:4-65
	android:theme
		ADDED from src\main\AndroidManifest.xml:210:4-63
	android:exported
		ADDED from src\main\AndroidManifest.xml:212:4-27
	android:name
		ADDED from src\main\AndroidManifest.xml:209:4-50
activity#yxapi.YXEntryActivity
ADDED from src\main\AndroidManifest.xml:214:9-219:43
	android:screenOrientation
		ADDED from src\main\AndroidManifest.xml:219:4-40
	android:configChanges
		ADDED from src\main\AndroidManifest.xml:217:4-65
	android:theme
		ADDED from src\main\AndroidManifest.xml:216:4-63
	android:exported
		ADDED from src\main\AndroidManifest.xml:218:4-27
	android:name
		ADDED from src\main\AndroidManifest.xml:215:4-40
activity#com.example.homenet.RecorderTrack
ADDED from src\main\AndroidManifest.xml:220:9-59
	android:name
		ADDED from src\main\AndroidManifest.xml:220:19-47